<?xml version="1.0" encoding="UTF-8"?>
<!-- Generated by org.testng.reporters.JUnitXMLReporter -->
<testsuite hostname="Ketan" ignored="0" name="Default test" tests="4" failures="0" timestamp="20 May 2018 18:04:44 GMT" time="0.935" errors="0">
  <testcase name="getLoginData" time="0.016" classname="DataProviderThroughExcel.DataProviderExcel"/>
  <testcase name="getLoginData" time="0.0" classname="DataProviderThroughExcel.DataProviderExcel">
    <skipped/>
  </testcase> <!-- getLoginData -->
  <testcase name="getLoginData" time="0.0" classname="DataProviderThroughExcel.DataProviderExcel"/>
  <testcase name="getLoginData" time="0.016" classname="DataProviderThroughExcel.DataProviderExcel">
    <skipped/>
  </testcase> <!-- getLoginData -->
</testsuite> <!-- Default test -->
